
/home/runner/work/exp-physical-chemical-properties-proteins-dna-iitkgp/exp-physical-chemical-properties-proteins-dna-iitkgp/experiment/simulation/js/main.js
   20:10   warning  'restartexp' is defined but never used            no-unused-vars
   25:10   warning  'aseqbtn' is defined but never used               no-unused-vars
   29:5    warning  '$' is not defined                                no-undef
   30:5    warning  '$' is not defined                                no-undef
   33:5    warning  '$' is not defined                                no-undef
   34:5    warning  '$' is not defined                                no-undef
   37:5    warning  '$' is not defined                                no-undef
   38:5    warning  '$' is not defined                                no-undef
   54:10   warning  'checkmwbtn' is defined but never used            no-unused-vars
   67:5    warning  '$' is not defined                                no-undef
   68:5    warning  '$' is not defined                                no-undef
   74:5    warning  '$' is not defined                                no-undef
   75:5    warning  '$' is not defined                                no-undef
   90:10   warning  'showmwbtn' is defined but never used             no-unused-vars
   91:3    warning  '$' is not defined                                no-undef
   92:3    warning  '$' is not defined                                no-undef
   97:10   warning  'checkmw1btn' is defined but never used           no-unused-vars
  138:5    warning  '$' is not defined                                no-undef
  139:5    warning  '$' is not defined                                no-undef
  143:5    warning  '$' is not defined                                no-undef
  144:5    warning  '$' is not defined                                no-undef
  151:10   warning  'showmw1btn' is defined but never used            no-unused-vars
  152:3    warning  '$' is not defined                                no-undef
  153:3    warning  '$' is not defined                                no-undef
  157:51   warning  'counC' is defined but never used                 no-unused-vars
  160:10   warning  'checkmabsbtn' is defined but never used          no-unused-vars
  163:3    warning  'countC' is not defined                           no-undef
  190:11   warning  'countC' is not defined                           no-undef
  204:17   warning  'countC' is not defined                           no-undef
  206:54   warning  'countC' is not defined                           no-undef
  207:9    warning  'userinptwyc' is assigned a value but never used  no-unused-vars
  219:42   warning  'countC' is not defined                           no-undef
  221:7    warning  '$' is not defined                                no-undef
  222:7    warning  '$' is not defined                                no-undef
  227:7    warning  '$' is not defined                                no-undef
  228:7    warning  '$' is not defined                                no-undef
  235:7    warning  '$' is not defined                                no-undef
  236:7    warning  '$' is not defined                                no-undef
  240:7    warning  '$' is not defined                                no-undef
  241:7    warning  '$' is not defined                                no-undef
  245:22   warning  'countC' is not defined                           no-undef
  246:7    warning  '$' is not defined                                no-undef
  247:7    warning  '$' is not defined                                no-undef
  273:10   warning  'showmabsbtn' is defined but never used           no-unused-vars
  274:3    warning  '$' is not defined                                no-undef
  275:3    warning  '$' is not defined                                no-undef
  275:195  warning  'countC' is not defined                           no-undef
  282:10   warning  'dnaseqbtn' is defined but never used             no-unused-vars
  287:5    warning  '$' is not defined                                no-undef
  288:5    warning  '$' is not defined                                no-undef
  292:5    warning  '$' is not defined                                no-undef
  293:5    warning  '$' is not defined                                no-undef
  299:5    warning  '$' is not defined                                no-undef
  300:5    warning  '$' is not defined                                no-undef
  305:5    warning  Move function declaration to function body root   no-inner-declarations
  344:7    warning  '$' is not defined                                no-undef
  345:7    warning  '$' is not defined                                no-undef
  361:10   warning  'apdnabtn' is defined but never used              no-unused-vars
  368:5    warning  '$' is not defined                                no-undef
  369:5    warning  '$' is not defined                                no-undef
  375:5    warning  '$' is not defined                                no-undef
  376:5    warning  '$' is not defined                                no-undef
  384:10   warning  'showmwdnabtn' is defined but never used          no-unused-vars
  385:3    warning  '$' is not defined                                no-undef
  386:3    warning  '$' is not defined                                no-undef
  386:140  warning  'resultmwdna' is not defined                      no-undef
  392:10   warning  'actdnabtn' is defined but never used             no-unused-vars
  456:7    warning  '$' is not defined                                no-undef
  457:7    warning  '$' is not defined                                no-undef
  473:7    warning  '$' is not defined                                no-undef
  474:7    warning  '$' is not defined                                no-undef
  481:7    warning  '$' is not defined                                no-undef
  482:7    warning  '$' is not defined                                no-undef
  487:7    warning  '$' is not defined                                no-undef
  488:7    warning  '$' is not defined                                no-undef
  494:7    warning  '$' is not defined                                no-undef
  495:7    warning  '$' is not defined                                no-undef
  502:7    warning  '$' is not defined                                no-undef
  503:7    warning  '$' is not defined                                no-undef
  521:10   warning  'showmw1dnabtn' is defined but never used         no-unused-vars
  522:3    warning  '$' is not defined                                no-undef
  523:3    warning  '$' is not defined                                no-undef
  530:5    warning  'totalBases' is defined but never used            no-unused-vars
  532:10   warning  'tmdnabtn' is defined but never used              no-unused-vars
  605:7    warning  '$' is not defined                                no-undef
  606:7    warning  '$' is not defined                                no-undef
  612:7    warning  '$' is not defined                                no-undef
  613:7    warning  '$' is not defined                                no-undef
  651:10   warning  'showtmdnabtn' is defined but never used          no-unused-vars
  652:3    warning  '$' is not defined                                no-undef
  653:3    warning  '$' is not defined                                no-undef
  657:10   warning  'cancelmsg' is defined but never used             no-unused-vars
  665:10   warning  'dnatmgraph' is defined but never used            no-unused-vars
  667:21   warning  'CanvasJS' is not defined                         no-undef

/home/runner/work/exp-physical-chemical-properties-proteins-dna-iitkgp/exp-physical-chemical-properties-proteins-dna-iitkgp/experiment/simulation/js/virtualc.js
  35:10  warning  'v' is defined but never used         no-unused-vars
  41:10  warning  'Root' is defined but never used      no-unused-vars
  53:10  warning  'Power' is defined but never used     no-unused-vars
  65:10  warning  'TrigFunc' is defined but never used  no-unused-vars
  79:10  warning  'eqls' is defined but never used      no-unused-vars
  91:10  warning  'calcul' is defined but never used    no-unused-vars
  97:10  warning  'ok' is defined but never used        no-unused-vars

✖ 101 problems (0 errors, 101 warnings)

